<?xml version="1.0" encoding="UTF-8" ?>
<testsuite tests="3" failures="1" name="com.voyager.qa.testcases.LoginPageTest" time="1.115" errors="0" skipped="2">
  <properties>
[...]
</properties>
  <testcase classname="com.voyager.qa.testcases.LoginPageTest" name="setUp" time="0.371">
    <failure message="com/google/common/collect/ImmutableMap" type="java.lang.NoClassDefFoundError">java.lang.NoClassDefFoundError: com/google/common/collect/ImmutableMap
	at org.openqa.selenium.remote.service.DriverService$Builder.&lt;init&gt;(DriverService.java:250)
	at org.openqa.selenium.firefox.GeckoDriverService$Builder.&lt;init&gt;(GeckoDriverService.java:118)
	at org.openqa.selenium.firefox.FirefoxDriver.toExecutor(FirefoxDriver.java:164)
	at org.openqa.selenium.firefox.FirefoxDriver.&lt;init&gt;(FirefoxDriver.java:125)
	at org.openqa.selenium.firefox.FirefoxDriver.&lt;init&gt;(FirefoxDriver.java:103)
	at com.voyager.qa.base.TestBase.intialization(TestBase.java:44)
	at com.voyager.qa.testcases.LoginPageTest.setUp(LoginPageTest.java:24)
Caused by: java.lang.ClassNotFoundException: com.google.common.collect.ImmutableMap
	at java.net.URLClassLoader.findClass(URLClassLoader.java:381)
	at java.lang.ClassLoader.loadClass(ClassLoader.java:424)
	at sun.misc.Launcher$AppClassLoader.loadClass(Launcher.java:349)
	at java.lang.ClassLoader.loadClass(ClassLoader.java:357)
	... 44 more
</failure>
    <system-out>Configuring TestNG with: org.apache.maven.surefire.testng.conf.TestNG652Configurator@36aa7bc2
</system-out>
  </testcase>
  <testcase classname="com.voyager.qa.testcases.LoginPageTest" name="loginTest" time="0.372">
    <skipped/>
  </testcase>
  <testcase classname="com.voyager.qa.testcases.LoginPageTest" name="TearDown" time="0.372">
    <skipped/>
  </testcase>
</testsuite>