<?xml version="1.0" encoding="UTF-8"?>
<testng-results skipped="0" failed="0" ignored="0" total="1" passed="1">
  <reporter-output>
  </reporter-output>
  <suite name="Default suite" duration-ms="33676" started-at="2020-11-23T09:27:33Z" finished-at="2020-11-23T09:28:07Z">
    <groups>
    </groups>
    <test name="Default test" duration-ms="33676" started-at="2020-11-23T09:27:33Z" finished-at="2020-11-23T09:28:07Z">
      <class name="com.voyager.qa.testcases.HomePageTest">
        <test-method status="PASS" signature="setUp()[pri:0, instance:com.voyager.qa.testcases.HomePageTest@ff5b51f]" name="setUp" is-config="true" duration-ms="25160" started-at="2020-11-23T09:27:33Z" finished-at="2020-11-23T09:27:59Z">
          <reporter-output>
          </reporter-output>
        </test-method> <!-- setUp -->
        <test-method status="PASS" signature="clickonMemberlinkTest()[pri:1, instance:com.voyager.qa.testcases.HomePageTest@ff5b51f]" name="clickonMemberlinkTest" duration-ms="8488" started-at="2020-11-23T09:27:59Z" finished-at="2020-11-23T09:28:07Z">
          <reporter-output>
          </reporter-output>
        </test-method> <!-- clickonMemberlinkTest -->
      </class> <!-- com.voyager.qa.testcases.HomePageTest -->
    </test> <!-- Default test -->
  </suite> <!-- Default suite -->
</testng-results>
